PCAngsd v1.36.1
Time: 11/10/2025 16:35:36
Directory: /gpfs1/home/g/j/gjia/projects/eco_genomics_2025/population_genomics/myscripts
Options:
	--beagle /gpfs1/cl/ecogen/pbio6800/PopulationGenomics/ANGSD/allRS_poly.beagle.gz
	--eig 1
	--threads 10
	--out /users/g/j/gjia/projects/eco_genomics_2025/population_genomics/myresults/ANGSD/PCA_ADMIX/allRS_poly_K2
	--selection
	--snp_weights
	--selection_eig 1
	--admix
	--admix_K 2
	--maf_save
	--sites_save

Loaded 687863 sites and 95 samples.
Number of sites after MAF filtering (0.05): 542303

PCAngsd did not converge using 1 eigenvectors!
Saved covariance matrix as /users/g/j/gjia/projects/eco_genomics_2025/population_genomics/myresults/ANGSD/PCA_ADMIX/allRS_poly_K2.cov
Saved test statistics as /users/g/j/gjia/projects/eco_genomics_2025/population_genomics/myresults/ANGSD/PCA_ADMIX/allRS_poly_K2.selection
Saved SNP weights as /users/g/j/gjia/projects/eco_genomics_2025/population_genomics/myresults/ANGSD/PCA_ADMIX/allRS_poly_K2.weights
Saved admixture proportions as /users/g/j/gjia/projects/eco_genomics_2025/population_genomics/myresults/ANGSD/PCA_ADMIX/allRS_poly_K2.admix.2.Q
Saved ancestral allele frequencies proportions as /users/g/j/gjia/projects/eco_genomics_2025/population_genomics/myresults/ANGSD/PCA_ADMIX/allRS_poly_K2.admix.2.P
Saved minor allele frequencies as /users/g/j/gjia/projects/eco_genomics_2025/population_genomics/myresults/ANGSD/PCA_ADMIX/allRS_poly_K2.freqs
Saved boolean vector of sites kept after filtering as /users/g/j/gjia/projects/eco_genomics_2025/population_genomics/myresults/ANGSD/PCA_ADMIX/allRS_poly_K2.sites
Total elapsed time: 2m45s
