mkdir: cannot create directory ‘/users/g/j/gjia/projects/eco_genomics_2025/population_genomics/mydata/ANGSD’: File exists
	-> angsd version: 0.935 (htslib: 1.19.1) build(Dec 18 2024 17:12:57)
	-> angsd -b /users/g/j/gjia/projects/eco_genomics_2025/population_genomics/mydata/ANGSD/2100_bam.list -ref /gpfs1/cl/ecogen/pbio6800/PopulationGenomics/ref_genome/Pmariana/Pmariana1.0-genome_reduced.fa -anc /gpfs1/cl/ecogen/pbio6800/PopulationGenomics/ref_genome/Pmariana/Pmariana1.0-genome_reduced.fa -out /users/g/j/gjia/projects/eco_genomics_2025/population_genomics/mydata/ANGSD/2100_ALL -nThreads 10 -remove_bads 1 -C 50 -baq 1 -minMapQ 20 -minQ 20 -GL 2 -doSaf 1 -doCounts 1 -minInd 4 -setMinDepthInd 1 -setMaxDepthInd 40 -setMinDepth 10 -skipTriallelic 1 -doMajorMinor 4 
	-> Inputtype is BAM/CRAM
[multiReader] 7 samples in 7 input files
	-> Reading fasta: /gpfs1/cl/ecogen/pbio6800/PopulationGenomics/ref_genome/Pmariana/Pmariana1.0-genome_reduced.fa
	-> Reading fasta: /gpfs1/cl/ecogen/pbio6800/PopulationGenomics/ref_genome/Pmariana/Pmariana1.0-genome_reduced.fa
	-> Parsing 7 number of samples 
No data for chromoId=26 chromoname=JASDQU010007516.1
This could either indicate that there really is no data for this chromosome
Or it could be problem with this program regSize=0 notDone=7
	-> Printing at chr: JASDQU010010023.1 pos:368305 chunknumber 100 contains 278 sites
	-> Printing at chr: JASDQU010010137.1 pos:107122 chunknumber 200 contains 260 sites
	-> Printing at chr: JASDQU010010232.1 pos:110381 chunknumber 300 contains 207 sites
	-> Printing at chr: JASDQU010010347.1 pos:575621 chunknumber 400 contains 140 sites
	-> Printing at chr: JASDQU010010523.1 pos:11895 chunknumber 500 contains 4671 sites
	-> Printing at chr: JASDQU010010635.1 pos:15841 chunknumber 600 contains 5171 sites
	-> Printing at chr: JASDQU010010757.1 pos:541 chunknumber 700 contains 15844 sites
	-> Printing at chr: JASDQU010010905.1 pos:11 chunknumber 800 contains 7708 sites
	-> Printing at chr: JASDQU010011046.1 pos:95546 chunknumber 900 contains 475 sites
	-> Printing at chr: JASDQU010011175.1 pos:114330 chunknumber 1000 contains 702 sites
	-> Printing at chr: JASDQU010011321.1 pos:90314 chunknumber 1100 contains 660 sites
	-> Printing at chr: JASDQU010011435.1 pos:6649 chunknumber 1200 contains 5708 sites
	-> Printing at chr: JASDQU010011564.1 pos:230821 chunknumber 1300 contains 492 sites
	-> Printing at chr: JASDQU010011755.1 pos:89727 chunknumber 1400 contains 9227 sites
	-> Printing at chr: JASDQU010011854.1 pos:471550 chunknumber 1500 contains 666 sites
	-> Printing at chr: JASDQU010012060.1 pos:133961 chunknumber 1600 contains 695 sites
	-> Printing at chr: JASDQU010012238.1 pos:5958 chunknumber 1700 contains 3077 sites
	-> Printing at chr: JASDQU010012351.1 pos:111518 chunknumber 1800 contains 502 sites
	-> Printing at chr: JASDQU010012433.1 pos:80303 chunknumber 1900 contains 3382 sites
	-> Printing at chr: JASDQU010012519.1 pos:139871 chunknumber 2000 contains 557 sites
	-> Printing at chr: JASDQU010012682.1 pos:2911 chunknumber 2100 contains 7114 sites
