@ Aligning 2100_12_K...
Looking to launch executable "/gpfs1/sw/rh9/pkgs/bwa-mem2/2.2.1/bwa-mem2.avx512bw", simd = .avx512bw
Launching executable "/gpfs1/sw/rh9/pkgs/bwa-mem2/2.2.1/bwa-mem2.avx512bw"

Please verify that both the operating system and the processor support Intel(R) X87, CMOV, MMX, FXSAVE, SSE, SSE2, SSE3, SSSE3, SSE4_1, SSE4_2, MOVBE, POPCNT, F16C, AVX, FMA, BMI, LZCNT, AVX2, AVX512DQ, AVX512F, ADX, AVX512CD, AVX512BW, AVX512VL and CLWB instructions.

@ Aligning 2100_18_B...
Looking to launch executable "/gpfs1/sw/rh9/pkgs/bwa-mem2/2.2.1/bwa-mem2.avx512bw", simd = .avx512bw
Launching executable "/gpfs1/sw/rh9/pkgs/bwa-mem2/2.2.1/bwa-mem2.avx512bw"

Please verify that both the operating system and the processor support Intel(R) X87, CMOV, MMX, FXSAVE, SSE, SSE2, SSE3, SSSE3, SSE4_1, SSE4_2, MOVBE, POPCNT, F16C, AVX, FMA, BMI, LZCNT, AVX2, AVX512DQ, AVX512F, ADX, AVX512CD, AVX512BW, AVX512VL and CLWB instructions.

@ Aligning 2100_19_B...
Looking to launch executable "/gpfs1/sw/rh9/pkgs/bwa-mem2/2.2.1/bwa-mem2.avx512bw", simd = .avx512bw
Launching executable "/gpfs1/sw/rh9/pkgs/bwa-mem2/2.2.1/bwa-mem2.avx512bw"

Please verify that both the operating system and the processor support Intel(R) X87, CMOV, MMX, FXSAVE, SSE, SSE2, SSE3, SSSE3, SSE4_1, SSE4_2, MOVBE, POPCNT, F16C, AVX, FMA, BMI, LZCNT, AVX2, AVX512DQ, AVX512F, ADX, AVX512CD, AVX512BW, AVX512VL and CLWB instructions.

@ Aligning 2100_46_J...
Looking to launch executable "/gpfs1/sw/rh9/pkgs/bwa-mem2/2.2.1/bwa-mem2.avx512bw", simd = .avx512bw
Launching executable "/gpfs1/sw/rh9/pkgs/bwa-mem2/2.2.1/bwa-mem2.avx512bw"

Please verify that both the operating system and the processor support Intel(R) X87, CMOV, MMX, FXSAVE, SSE, SSE2, SSE3, SSSE3, SSE4_1, SSE4_2, MOVBE, POPCNT, F16C, AVX, FMA, BMI, LZCNT, AVX2, AVX512DQ, AVX512F, ADX, AVX512CD, AVX512BW, AVX512VL and CLWB instructions.

@ Aligning 2100_47_H...
Looking to launch executable "/gpfs1/sw/rh9/pkgs/bwa-mem2/2.2.1/bwa-mem2.avx512bw", simd = .avx512bw
Launching executable "/gpfs1/sw/rh9/pkgs/bwa-mem2/2.2.1/bwa-mem2.avx512bw"

Please verify that both the operating system and the processor support Intel(R) X87, CMOV, MMX, FXSAVE, SSE, SSE2, SSE3, SSSE3, SSE4_1, SSE4_2, MOVBE, POPCNT, F16C, AVX, FMA, BMI, LZCNT, AVX2, AVX512DQ, AVX512F, ADX, AVX512CD, AVX512BW, AVX512VL and CLWB instructions.

@ Aligning 2100_47_J...
Looking to launch executable "/gpfs1/sw/rh9/pkgs/bwa-mem2/2.2.1/bwa-mem2.avx512bw", simd = .avx512bw
Launching executable "/gpfs1/sw/rh9/pkgs/bwa-mem2/2.2.1/bwa-mem2.avx512bw"

Please verify that both the operating system and the processor support Intel(R) X87, CMOV, MMX, FXSAVE, SSE, SSE2, SSE3, SSSE3, SSE4_1, SSE4_2, MOVBE, POPCNT, F16C, AVX, FMA, BMI, LZCNT, AVX2, AVX512DQ, AVX512F, ADX, AVX512CD, AVX512BW, AVX512VL and CLWB instructions.

@ Aligning 2100_48_I...
Looking to launch executable "/gpfs1/sw/rh9/pkgs/bwa-mem2/2.2.1/bwa-mem2.avx512bw", simd = .avx512bw
Launching executable "/gpfs1/sw/rh9/pkgs/bwa-mem2/2.2.1/bwa-mem2.avx512bw"

Please verify that both the operating system and the processor support Intel(R) X87, CMOV, MMX, FXSAVE, SSE, SSE2, SSE3, SSSE3, SSE4_1, SSE4_2, MOVBE, POPCNT, F16C, AVX, FMA, BMI, LZCNT, AVX2, AVX512DQ, AVX512F, ADX, AVX512CD, AVX512BW, AVX512VL and CLWB instructions.

