------------------------------------
PCAngsd v1.36.1
Jonas Meisner and Anders Albrechtsen
Using 10 thread(s)
------------------------------------

Parsing Beagle file.
Loaded 687863 sites and 95 samples.
Estimating minor allele frequencies.
EM (MAF) converged at iteration: 7
Number of sites after MAF filtering (0.05): 542303

Estimating covariance matrix.
Using 1 principal components (manually selected).
Individual allele frequencies estimated (1).
Individual allele frequencies estimated (2).	RMSE=0.0029521
Individual allele frequencies estimated (3).	RMSE=0.0018719
Individual allele frequencies estimated (4).	RMSE=0.0012512
Individual allele frequencies estimated (5).	RMSE=0.0008577
Individual allele frequencies estimated (6).	RMSE=0.0005940
Individual allele frequencies estimated (7).	RMSE=0.0004200
Individual allele frequencies estimated (8).	RMSE=0.0003026
Individual allele frequencies estimated (9).	RMSE=0.0002241
Individual allele frequencies estimated (10).	RMSE=0.0001718
Individual allele frequencies estimated (11).	RMSE=0.0001372
Individual allele frequencies estimated (12).	RMSE=0.0001150
Individual allele frequencies estimated (13).	RMSE=0.0001003
Individual allele frequencies estimated (14).	RMSE=0.0000906
Individual allele frequencies estimated (15).	RMSE=0.0000845
Individual allele frequencies estimated (16).	RMSE=0.0000801
Individual allele frequencies estimated (17).	RMSE=0.0000771
Individual allele frequencies estimated (18).	RMSE=0.0000747
Individual allele frequencies estimated (19).	RMSE=0.0000730
Individual allele frequencies estimated (20).	RMSE=0.0000714
Individual allele frequencies estimated (21).	RMSE=0.0000700
Individual allele frequencies estimated (22).	RMSE=0.0000688
Individual allele frequencies estimated (23).	RMSE=0.0000677
Individual allele frequencies estimated (24).	RMSE=0.0000666
Individual allele frequencies estimated (25).	RMSE=0.0000656
Individual allele frequencies estimated (26).	RMSE=0.0000645
Individual allele frequencies estimated (27).	RMSE=0.0000636
Individual allele frequencies estimated (28).	RMSE=0.0000626
Individual allele frequencies estimated (29).	RMSE=0.0000617
Individual allele frequencies estimated (30).	RMSE=0.0000608
Individual allele frequencies estimated (31).	RMSE=0.0000599
Individual allele frequencies estimated (32).	RMSE=0.0000590
Individual allele frequencies estimated (33).	RMSE=0.0000581
Individual allele frequencies estimated (34).	RMSE=0.0000573
Individual allele frequencies estimated (35).	RMSE=0.0000565
Individual allele frequencies estimated (36).	RMSE=0.0000556
Individual allele frequencies estimated (37).	RMSE=0.0000548
Individual allele frequencies estimated (38).	RMSE=0.0000540
Individual allele frequencies estimated (39).	RMSE=0.0000532
Individual allele frequencies estimated (40).	RMSE=0.0000524
Individual allele frequencies estimated (41).	RMSE=0.0000516
Individual allele frequencies estimated (42).	RMSE=0.0000509
Individual allele frequencies estimated (43).	RMSE=0.0000502
Individual allele frequencies estimated (44).	RMSE=0.0000494
Individual allele frequencies estimated (45).	RMSE=0.0000487
Individual allele frequencies estimated (46).	RMSE=0.0000480
Individual allele frequencies estimated (47).	RMSE=0.0000472
Individual allele frequencies estimated (48).	RMSE=0.0000466
Individual allele frequencies estimated (49).	RMSE=0.0000459
Individual allele frequencies estimated (50).	RMSE=0.0000452
Individual allele frequencies estimated (51).	RMSE=0.0000445
Individual allele frequencies estimated (52).	RMSE=0.0000439
Individual allele frequencies estimated (53).	RMSE=0.0000432
Individual allele frequencies estimated (54).	RMSE=0.0000426
Individual allele frequencies estimated (55).	RMSE=0.0000420
Individual allele frequencies estimated (56).	RMSE=0.0000414
Individual allele frequencies estimated (57).	RMSE=0.0000408
Individual allele frequencies estimated (58).	RMSE=0.0000402
Individual allele frequencies estimated (59).	RMSE=0.0000396
Individual allele frequencies estimated (60).	RMSE=0.0000390
Individual allele frequencies estimated (61).	RMSE=0.0000384
Individual allele frequencies estimated (62).	RMSE=0.0000379
Individual allele frequencies estimated (63).	RMSE=0.0000373
Individual allele frequencies estimated (64).	RMSE=0.0000368
Individual allele frequencies estimated (65).	RMSE=0.0000362
Individual allele frequencies estimated (66).	RMSE=0.0000357
Individual allele frequencies estimated (67).	RMSE=0.0000352
Individual allele frequencies estimated (68).	RMSE=0.0000347
Individual allele frequencies estimated (69).	RMSE=0.0000342
Individual allele frequencies estimated (70).	RMSE=0.0000337
Individual allele frequencies estimated (71).	RMSE=0.0000332
Individual allele frequencies estimated (72).	RMSE=0.0000327
Individual allele frequencies estimated (73).	RMSE=0.0000322
Individual allele frequencies estimated (74).	RMSE=0.0000318
Individual allele frequencies estimated (75).	RMSE=0.0000313
Individual allele frequencies estimated (76).	RMSE=0.0000309
Individual allele frequencies estimated (77).	RMSE=0.0000304
Individual allele frequencies estimated (78).	RMSE=0.0000300
Individual allele frequencies estimated (79).	RMSE=0.0000295
Individual allele frequencies estimated (80).	RMSE=0.0000291
Individual allele frequencies estimated (81).	RMSE=0.0000286
Individual allele frequencies estimated (82).	RMSE=0.0000282
Individual allele frequencies estimated (83).	RMSE=0.0000278
Individual allele frequencies estimated (84).	RMSE=0.0000274
Individual allele frequencies estimated (85).	RMSE=0.0000270
Individual allele frequencies estimated (86).	RMSE=0.0000266
Individual allele frequencies estimated (87).	RMSE=0.0000262
Individual allele frequencies estimated (88).	RMSE=0.0000258
Individual allele frequencies estimated (89).	RMSE=0.0000255
Individual allele frequencies estimated (90).	RMSE=0.0000251
Individual allele frequencies estimated (91).	RMSE=0.0000247
Individual allele frequencies estimated (92).	RMSE=0.0000244
Individual allele frequencies estimated (93).	RMSE=0.0000240
Individual allele frequencies estimated (94).	RMSE=0.0000237
Individual allele frequencies estimated (95).	RMSE=0.0000233
Individual allele frequencies estimated (96).	RMSE=0.0000230
Individual allele frequencies estimated (97).	RMSE=0.0000226
Individual allele frequencies estimated (98).	RMSE=0.0000223
Individual allele frequencies estimated (99).	RMSE=0.0000219
Individual allele frequencies estimated (100).	RMSE=0.0000216
Individual allele frequencies estimated (101).	RMSE=0.0000213
PCAngsd did not converge!
Saved covariance matrix as /users/g/j/gjia/projects/eco_genomics_2025/population_genomics/myresults/ANGSD/PCA_ADMIX/allRS_poly_K2.cov

Performing selection scan (FastPCA) for 1 PCs.
Saved test statistics as /users/g/j/gjia/projects/eco_genomics_2025/population_genomics/myresults/ANGSD/PCA_ADMIX/allRS_poly_K2.selection

Estimating SNP weights for 1 PCs.
Saved SNP weights as /users/g/j/gjia/projects/eco_genomics_2025/population_genomics/myresults/ANGSD/PCA_ADMIX/allRS_poly_K2.weights

Estimating admixture proportions using NMF (CSG-MU).
K=2, Alpha=0.0, Batches=10, Seed=0
CSG-MU (1).	RMSE=0.215148273
CSG-MU (2).	RMSE=0.160331224
CSG-MU (3).	RMSE=0.133295299
CSG-MU (4).	RMSE=0.045233641
CSG-MU (5).	RMSE=0.020267029
CSG-MU (6).	RMSE=0.010395380
CSG-MU (7).	RMSE=0.007307825
CSG-MU (8).	RMSE=0.004128055
CSG-MU (9).	RMSE=0.002557708
CSG-MU (10).	RMSE=0.001671682
CSG-MU (11).	RMSE=0.001128283
CSG-MU (12).	RMSE=0.000752987
CSG-MU (13).	RMSE=0.000536809
CSG-MU (14).	RMSE=0.000377863
CSG-MU (15).	RMSE=0.000272053
CSG-MU (16).	RMSE=0.000202300
CSG-MU (17).	RMSE=0.000153200
CSG-MU (18).	RMSE=0.000114524
CSG-MU (19).	RMSE=0.000089803
CSG-MU (20).	RMSE=0.000067868
CSG-MU (21).	RMSE=0.000053715
CSG-MU (22).	RMSE=0.000045524
CSG-MU (23).	RMSE=0.000034164
CSG-MU (24).	RMSE=0.000027587
CSG-MU (25).	RMSE=0.000022694
CSG-MU (26).	RMSE=0.000018348
CSG-MU (27).	RMSE=0.000014386
CSG-MU (28).	RMSE=0.000012304
CSG-MU (29).	RMSE=0.000010866
CSG-MU (30).	RMSE=0.000008839
Converged.
Frobenius error: 45.36550
Log-likelihood: -41762322.74903
Saved admixture proportions as /users/g/j/gjia/projects/eco_genomics_2025/population_genomics/myresults/ANGSD/PCA_ADMIX/allRS_poly_K2.admix.2.Q
Saved ancestral allele frequencies proportions as /users/g/j/gjia/projects/eco_genomics_2025/population_genomics/myresults/ANGSD/PCA_ADMIX/allRS_poly_K2.admix.2.P

Saved minor allele frequencies as /users/g/j/gjia/projects/eco_genomics_2025/population_genomics/myresults/ANGSD/PCA_ADMIX/allRS_poly_K2.freqs

Creating boolean vector of sites surviving filters.
Saved boolean vector of sites kept after filtering as /users/g/j/gjia/projects/eco_genomics_2025/population_genomics/myresults/ANGSD/PCA_ADMIX/allRS_poly_K2.sites
Total elapsed time: 2m45s
